<?xml version="1.0" encoding="UTF-8"?>
<testsuite xmlns:xsi="http://www.w3.org/2001/XMLSchema-instance" xsi:noNamespaceSchemaLocation="https://maven.apache.org/surefire/maven-surefire-plugin/xsd/surefire-test-report.xsd" name="org.springframework.cloud.contract.verifier.tests.ContractVerifierTest" time="5.081" tests="1" errors="0" skipped="0" failures="0">
  <properties>
    <property name="gopherProxySet" value="false"/>
    <property name="awt.toolkit" value="sun.lwawt.macosx.LWCToolkit"/>
    <property name="file.encoding.pkg" value="sun.io"/>
    <property name="java.specification.version" value="1.8"/>
    <property name="sun.cpu.isalist" value=""/>
    <property name="sun.jnu.encoding" value="UTF-8"/>
    <property name="java.class.path" value="/Users/saagarwal/workspace/spring-cloud-stream/spring-cloud-stream-jdbc-message/target/test-classes:/Users/saagarwal/workspace/spring-cloud-stream/spring-cloud-stream-jdbc-message/target/classes:/Users/saagarwal/.m2/repository/org/springframework/integration/spring-integration-jdbc/5.1.6.RELEASE/spring-integration-jdbc-5.1.6.RELEASE.jar:/Users/saagarwal/.m2/repository/org/springframework/integration/spring-integration-core/5.1.6.RELEASE/spring-integration-core-5.1.6.RELEASE.jar:/Users/saagarwal/.m2/repository/org/springframework/spring-aop/5.1.8.RELEASE/spring-aop-5.1.8.RELEASE.jar:/Users/saagarwal/.m2/repository/org/springframework/spring-context/5.1.8.RELEASE/spring-context-5.1.8.RELEASE.jar:/Users/saagarwal/.m2/repository/org/springframework/spring-expression/5.1.8.RELEASE/spring-expression-5.1.8.RELEASE.jar:/Users/saagarwal/.m2/repository/org/springframework/spring-messaging/5.1.8.RELEASE/spring-messaging-5.1.8.RELEASE.jar:/Users/saagarwal/.m2/repository/org/springframework/spring-tx/5.1.8.RELEASE/spring-tx-5.1.8.RELEASE.jar:/Users/saagarwal/.m2/repository/org/springframework/retry/spring-retry/1.2.4.RELEASE/spring-retry-1.2.4.RELEASE.jar:/Users/saagarwal/.m2/repository/io/projectreactor/reactor-core/3.2.10.RELEASE/reactor-core-3.2.10.RELEASE.jar:/Users/saagarwal/.m2/repository/org/reactivestreams/reactive-streams/1.0.2/reactive-streams-1.0.2.jar:/Users/saagarwal/.m2/repository/org/springframework/spring-jdbc/5.1.8.RELEASE/spring-jdbc-5.1.8.RELEASE.jar:/Users/saagarwal/.m2/repository/org/springframework/spring-beans/5.1.8.RELEASE/spring-beans-5.1.8.RELEASE.jar:/Users/saagarwal/.m2/repository/org/springframework/cloud/stream/app/spring-cloud-starter-stream-source-jdbc/2.1.2.RELEASE/spring-cloud-starter-stream-source-jdbc-2.1.2.RELEASE.jar:/Users/saagarwal/.m2/repository/org/hsqldb/hsqldb/2.4.1/hsqldb-2.4.1.jar:/Users/saagarwal/.m2/repository/org/mariadb/jdbc/mariadb-java-client/2.3.0/mariadb-java-client-2.3.0.jar:/Users/saagarwal/.m2/repository/org/postgresql/postgresql/42.2.5/postgresql-42.2.5.jar:/Users/saagarwal/.m2/repository/com/microsoft/sqlserver/mssql-jdbc/6.4.0.jre8/mssql-jdbc-6.4.0.jre8.jar:/Users/saagarwal/.m2/repository/org/springframework/cloud/stream/app/app-starters-trigger-common/2.1.1.RELEASE/app-starters-trigger-common-2.1.1.RELEASE.jar:/Users/saagarwal/.m2/repository/org/springframework/cloud/stream/app/app-starters-trigger-one-common/2.1.1.RELEASE/app-starters-trigger-one-common-2.1.1.RELEASE.jar:/Users/saagarwal/.m2/repository/org/springframework/cloud/stream/app/app-starters-time-common/2.1.1.RELEASE/app-starters-time-common-2.1.1.RELEASE.jar:/Users/saagarwal/.m2/repository/org/springframework/cloud/spring-cloud-stream/2.1.2.RELEASE/spring-cloud-stream-2.1.2.RELEASE.jar:/Users/saagarwal/.m2/repository/org/springframework/boot/spring-boot-starter-validation/2.1.6.RELEASE/spring-boot-starter-validation-2.1.6.RELEASE.jar:/Users/saagarwal/.m2/repository/org/apache/tomcat/embed/tomcat-embed-el/9.0.21/tomcat-embed-el-9.0.21.jar:/Users/saagarwal/.m2/repository/org/springframework/integration/spring-integration-jmx/5.1.6.RELEASE/spring-integration-jmx-5.1.6.RELEASE.jar:/Users/saagarwal/.m2/repository/org/springframework/spring-tuple/1.0.0.RELEASE/spring-tuple-1.0.0.RELEASE.jar:/Users/saagarwal/.m2/repository/com/esotericsoftware/kryo-shaded/3.0.3/kryo-shaded-3.0.3.jar:/Users/saagarwal/.m2/repository/com/esotericsoftware/minlog/1.3.0/minlog-1.3.0.jar:/Users/saagarwal/.m2/repository/org/springframework/integration/spring-integration-tuple/1.0.0.RELEASE/spring-integration-tuple-1.0.0.RELEASE.jar:/Users/saagarwal/.m2/repository/org/springframework/cloud/spring-cloud-function-context/2.0.1.RELEASE/spring-cloud-function-context-2.0.1.RELEASE.jar:/Users/saagarwal/.m2/repository/org/springframework/cloud/spring-cloud-function-core/2.0.1.RELEASE/spring-cloud-function-core-2.0.1.RELEASE.jar:/Users/saagarwal/.m2/repository/com/jayway/jsonpath/json-path/2.4.0/json-path-2.4.0.jar:/Users/saagarwal/.m2/repository/net/minidev/json-smart/2.3/json-smart-2.3.jar:/Users/saagarwal/.m2/repository/net/minidev/accessors-smart/1.2/accessors-smart-1.2.jar:/Users/saagarwal/.m2/repository/org/slf4j/slf4j-api/1.7.26/slf4j-api-1.7.26.jar:/Users/saagarwal/.m2/repository/org/springframework/integration/spring-integration-xml/5.1.6.RELEASE/spring-integration-xml-5.1.6.RELEASE.jar:/Users/saagarwal/.m2/repository/org/springframework/spring-oxm/5.1.8.RELEASE/spring-oxm-5.1.8.RELEASE.jar:/Users/saagarwal/.m2/repository/org/springframework/ws/spring-xml/3.0.7.RELEASE/spring-xml-3.0.7.RELEASE.jar:/Users/saagarwal/.m2/repository/commons-io/commons-io/2.5/commons-io-2.5.jar:/Users/saagarwal/.m2/repository/org/springframework/ws/spring-ws-core/3.0.7.RELEASE/spring-ws-core-3.0.7.RELEASE.jar:/Users/saagarwal/.m2/repository/org/springframework/boot/spring-boot-starter-actuator/2.1.6.RELEASE/spring-boot-starter-actuator-2.1.6.RELEASE.jar:/Users/saagarwal/.m2/repository/org/springframework/boot/spring-boot-actuator-autoconfigure/2.1.6.RELEASE/spring-boot-actuator-autoconfigure-2.1.6.RELEASE.jar:/Users/saagarwal/.m2/repository/org/springframework/boot/spring-boot-actuator/2.1.6.RELEASE/spring-boot-actuator-2.1.6.RELEASE.jar:/Users/saagarwal/.m2/repository/com/fasterxml/jackson/datatype/jackson-datatype-jsr310/2.9.9/jackson-datatype-jsr310-2.9.9.jar:/Users/saagarwal/.m2/repository/io/micrometer/micrometer-core/1.1.5/micrometer-core-1.1.5.jar:/Users/saagarwal/.m2/repository/org/hdrhistogram/HdrHistogram/2.1.9/HdrHistogram-2.1.9.jar:/Users/saagarwal/.m2/repository/org/latencyutils/LatencyUtils/2.0.3/LatencyUtils-2.0.3.jar:/Users/saagarwal/.m2/repository/org/springframework/boot/spring-boot-starter-web/2.1.6.RELEASE/spring-boot-starter-web-2.1.6.RELEASE.jar:/Users/saagarwal/.m2/repository/org/springframework/boot/spring-boot-starter-json/2.1.6.RELEASE/spring-boot-starter-json-2.1.6.RELEASE.jar:/Users/saagarwal/.m2/repository/com/fasterxml/jackson/datatype/jackson-datatype-jdk8/2.9.9/jackson-datatype-jdk8-2.9.9.jar:/Users/saagarwal/.m2/repository/com/fasterxml/jackson/module/jackson-module-parameter-names/2.9.9/jackson-module-parameter-names-2.9.9.jar:/Users/saagarwal/.m2/repository/org/springframework/boot/spring-boot-starter-tomcat/2.1.6.RELEASE/spring-boot-starter-tomcat-2.1.6.RELEASE.jar:/Users/saagarwal/.m2/repository/org/apache/tomcat/embed/tomcat-embed-core/9.0.21/tomcat-embed-core-9.0.21.jar:/Users/saagarwal/.m2/repository/org/apache/tomcat/embed/tomcat-embed-websocket/9.0.21/tomcat-embed-websocket-9.0.21.jar:/Users/saagarwal/.m2/repository/org/hibernate/validator/hibernate-validator/6.0.17.Final/hibernate-validator-6.0.17.Final.jar:/Users/saagarwal/.m2/repository/javax/validation/validation-api/2.0.1.Final/validation-api-2.0.1.Final.jar:/Users/saagarwal/.m2/repository/org/jboss/logging/jboss-logging/3.3.2.Final/jboss-logging-3.3.2.Final.jar:/Users/saagarwal/.m2/repository/com/fasterxml/classmate/1.4.0/classmate-1.4.0.jar:/Users/saagarwal/.m2/repository/org/springframework/spring-web/5.1.8.RELEASE/spring-web-5.1.8.RELEASE.jar:/Users/saagarwal/.m2/repository/org/springframework/spring-webmvc/5.1.8.RELEASE/spring-webmvc-5.1.8.RELEASE.jar:/Users/saagarwal/.m2/repository/org/springframework/boot/spring-boot-starter-logging/2.1.6.RELEASE/spring-boot-starter-logging-2.1.6.RELEASE.jar:/Users/saagarwal/.m2/repository/ch/qos/logback/logback-classic/1.2.3/logback-classic-1.2.3.jar:/Users/saagarwal/.m2/repository/ch/qos/logback/logback-core/1.2.3/logback-core-1.2.3.jar:/Users/saagarwal/.m2/repository/org/apache/logging/log4j/log4j-to-slf4j/2.11.2/log4j-to-slf4j-2.11.2.jar:/Users/saagarwal/.m2/repository/org/apache/logging/log4j/log4j-api/2.11.2/log4j-api-2.11.2.jar:/Users/saagarwal/.m2/repository/org/slf4j/jul-to-slf4j/1.7.26/jul-to-slf4j-1.7.26.jar:/Users/saagarwal/.m2/repository/org/springframework/boot/spring-boot-starter-security/2.1.6.RELEASE/spring-boot-starter-security-2.1.6.RELEASE.jar:/Users/saagarwal/.m2/repository/org/springframework/security/spring-security-config/5.1.5.RELEASE/spring-security-config-5.1.5.RELEASE.jar:/Users/saagarwal/.m2/repository/org/springframework/security/spring-security-core/5.1.5.RELEASE/spring-security-core-5.1.5.RELEASE.jar:/Users/saagarwal/.m2/repository/org/springframework/security/spring-security-web/5.1.5.RELEASE/spring-security-web-5.1.5.RELEASE.jar:/Users/saagarwal/.m2/repository/io/pivotal/spring/cloud/spring-cloud-services-starter-config-client/2.1.1.RELEASE/spring-cloud-services-starter-config-client-2.1.1.RELEASE.jar:/Users/saagarwal/.m2/repository/org/springframework/cloud/spring-cloud-config-client/2.1.1.RELEASE/spring-cloud-config-client-2.1.1.RELEASE.jar:/Users/saagarwal/.m2/repository/org/springframework/cloud/spring-cloud-commons/2.1.1.RELEASE/spring-cloud-commons-2.1.1.RELEASE.jar:/Users/saagarwal/.m2/repository/org/springframework/security/spring-security-crypto/5.1.5.RELEASE/spring-security-crypto-5.1.5.RELEASE.jar:/Users/saagarwal/.m2/repository/org/springframework/cloud/spring-cloud-context/2.1.1.RELEASE/spring-cloud-context-2.1.1.RELEASE.jar:/Users/saagarwal/.m2/repository/io/pivotal/spring/cloud/spring-cloud-services-cloudfoundry-connector/2.1.0.RELEASE/spring-cloud-services-cloudfoundry-connector-2.1.0.RELEASE.jar:/Users/saagarwal/.m2/repository/io/pivotal/spring/cloud/spring-cloud-services-connector-core/2.1.0.RELEASE/spring-cloud-services-connector-core-2.1.0.RELEASE.jar:/Users/saagarwal/.m2/repository/org/springframework/cloud/spring-cloud-connectors-core/2.0.5.RELEASE/spring-cloud-connectors-core-2.0.5.RELEASE.jar:/Users/saagarwal/.m2/repository/org/springframework/cloud/spring-cloud-cloudfoundry-connector/2.0.5.RELEASE/spring-cloud-cloudfoundry-connector-2.0.5.RELEASE.jar:/Users/saagarwal/.m2/repository/io/pivotal/spring/cloud/spring-cloud-services-spring-connector/2.1.0.RELEASE/spring-cloud-services-spring-connector-2.1.0.RELEASE.jar:/Users/saagarwal/.m2/repository/org/springframework/cloud/spring-cloud-spring-service-connector/2.0.5.RELEASE/spring-cloud-spring-service-connector-2.0.5.RELEASE.jar:/Users/saagarwal/.m2/repository/io/pivotal/spring/cloud/cloudfoundry-certificate-truster/1.0.1.RELEASE/cloudfoundry-certificate-truster-1.0.1.RELEASE.jar:/Users/saagarwal/.m2/repository/org/springframework/security/oauth/spring-security-oauth2/2.3.5.RELEASE/spring-security-oauth2-2.3.5.RELEASE.jar:/Users/saagarwal/.m2/repository/commons-codec/commons-codec/1.11/commons-codec-1.11.jar:/Users/saagarwal/.m2/repository/org/codehaus/jackson/jackson-mapper-asl/1.9.13/jackson-mapper-asl-1.9.13.jar:/Users/saagarwal/.m2/repository/org/codehaus/jackson/jackson-core-asl/1.9.13/jackson-core-asl-1.9.13.jar:/Users/saagarwal/.m2/repository/org/springframework/boot/spring-boot-starter-jdbc/2.1.6.RELEASE/spring-boot-starter-jdbc-2.1.6.RELEASE.jar:/Users/saagarwal/.m2/repository/org/springframework/boot/spring-boot-starter/2.1.6.RELEASE/spring-boot-starter-2.1.6.RELEASE.jar:/Users/saagarwal/.m2/repository/org/springframework/boot/spring-boot/2.1.6.RELEASE/spring-boot-2.1.6.RELEASE.jar:/Users/saagarwal/.m2/repository/javax/annotation/javax.annotation-api/1.3.2/javax.annotation-api-1.3.2.jar:/Users/saagarwal/.m2/repository/com/zaxxer/HikariCP/3.2.0/HikariCP-3.2.0.jar:/Users/saagarwal/.m2/repository/org/springframework/cloud/spring-cloud-starter-stream-rabbit/2.1.2.RELEASE/spring-cloud-starter-stream-rabbit-2.1.2.RELEASE.jar:/Users/saagarwal/.m2/repository/org/springframework/cloud/spring-cloud-stream-binder-rabbit/2.1.2.RELEASE/spring-cloud-stream-binder-rabbit-2.1.2.RELEASE.jar:/Users/saagarwal/.m2/repository/org/springframework/cloud/spring-cloud-stream-binder-rabbit-core/2.1.2.RELEASE/spring-cloud-stream-binder-rabbit-core-2.1.2.RELEASE.jar:/Users/saagarwal/.m2/repository/com/rabbitmq/http-client/2.1.0.RELEASE/http-client-2.1.0.RELEASE.jar:/Users/saagarwal/.m2/repository/org/springframework/boot/spring-boot-starter-amqp/2.1.6.RELEASE/spring-boot-starter-amqp-2.1.6.RELEASE.jar:/Users/saagarwal/.m2/repository/org/springframework/amqp/spring-rabbit/2.1.7.RELEASE/spring-rabbit-2.1.7.RELEASE.jar:/Users/saagarwal/.m2/repository/org/springframework/amqp/spring-amqp/2.1.7.RELEASE/spring-amqp-2.1.7.RELEASE.jar:/Users/saagarwal/.m2/repository/com/rabbitmq/amqp-client/5.4.3/amqp-client-5.4.3.jar:/Users/saagarwal/.m2/repository/org/springframework/integration/spring-integration-amqp/5.1.6.RELEASE/spring-integration-amqp-5.1.6.RELEASE.jar:/Users/saagarwal/.m2/repository/org/apache/httpcomponents/httpclient/4.5.9/httpclient-4.5.9.jar:/Users/saagarwal/.m2/repository/org/apache/httpcomponents/httpcore/4.4.11/httpcore-4.4.11.jar:/Users/saagarwal/.m2/repository/org/springframework/cloud/spring-cloud-contract-stub-runner/2.1.1.RELEASE/spring-cloud-contract-stub-runner-2.1.1.RELEASE.jar:/Users/saagarwal/.m2/repository/org/springframework/cloud/spring-cloud-contract-shade/2.1.1.RELEASE/spring-cloud-contract-shade-2.1.1.RELEASE.jar:/Users/saagarwal/.m2/repository/org/springframework/cloud/spring-cloud-contract-spec/2.1.1.RELEASE/spring-cloud-contract-spec-2.1.1.RELEASE.jar:/Users/saagarwal/.m2/repository/dk/brics/automaton/automaton/1.11-8/automaton-1.11-8.jar:/Users/saagarwal/.m2/repository/org/apache/commons/commons-text/1.6/commons-text-1.6.jar:/Users/saagarwal/.m2/repository/org/apache/commons/commons-lang3/3.8.1/commons-lang3-3.8.1.jar:/Users/saagarwal/.m2/repository/org/springframework/spring-jcl/5.1.8.RELEASE/spring-jcl-5.1.8.RELEASE.jar:/Users/saagarwal/.m2/repository/junit/junit/4.12/junit-4.12.jar:/Users/saagarwal/.m2/repository/org/eclipse/jgit/org.eclipse.jgit/5.1.3.201810200350-r/org.eclipse.jgit-5.1.3.201810200350-r.jar:/Users/saagarwal/.m2/repository/com/jcraft/jsch/0.1.54/jsch-0.1.54.jar:/Users/saagarwal/.m2/repository/com/jcraft/jzlib/1.1.1/jzlib-1.1.1.jar:/Users/saagarwal/.m2/repository/com/googlecode/javaewah/JavaEWAH/1.1.6/JavaEWAH-1.1.6.jar:/Users/saagarwal/.m2/repository/com/jcraft/jsch.agentproxy.sshagent/0.0.9/jsch.agentproxy.sshagent-0.0.9.jar:/Users/saagarwal/.m2/repository/com/jcraft/jsch.agentproxy.core/0.0.9/jsch.agentproxy.core-0.0.9.jar:/Users/saagarwal/.m2/repository/com/jcraft/jsch.agentproxy.jsch/0.0.9/jsch.agentproxy.jsch-0.0.9.jar:/Users/saagarwal/.m2/repository/com/jcraft/jsch.agentproxy.usocket-jna/0.0.9/jsch.agentproxy.usocket-jna-0.0.9.jar:/Users/saagarwal/.m2/repository/net/java/dev/jna/jna/4.5.2/jna-4.5.2.jar:/Users/saagarwal/.m2/repository/net/java/dev/jna/jna-platform/4.5.2/jna-platform-4.5.2.jar:/Users/saagarwal/.m2/repository/org/springframework/boot/spring-boot-starter-test/2.1.6.RELEASE/spring-boot-starter-test-2.1.6.RELEASE.jar:/Users/saagarwal/.m2/repository/org/springframework/boot/spring-boot-test/2.1.6.RELEASE/spring-boot-test-2.1.6.RELEASE.jar:/Users/saagarwal/.m2/repository/org/springframework/boot/spring-boot-test-autoconfigure/2.1.6.RELEASE/spring-boot-test-autoconfigure-2.1.6.RELEASE.jar:/Users/saagarwal/.m2/repository/org/assertj/assertj-core/3.11.1/assertj-core-3.11.1.jar:/Users/saagarwal/.m2/repository/org/mockito/mockito-core/2.23.4/mockito-core-2.23.4.jar:/Users/saagarwal/.m2/repository/net/bytebuddy/byte-buddy/1.9.13/byte-buddy-1.9.13.jar:/Users/saagarwal/.m2/repository/net/bytebuddy/byte-buddy-agent/1.9.13/byte-buddy-agent-1.9.13.jar:/Users/saagarwal/.m2/repository/org/objenesis/objenesis/2.6/objenesis-2.6.jar:/Users/saagarwal/.m2/repository/org/hamcrest/hamcrest-core/1.3/hamcrest-core-1.3.jar:/Users/saagarwal/.m2/repository/org/hamcrest/hamcrest-library/1.3/hamcrest-library-1.3.jar:/Users/saagarwal/.m2/repository/org/skyscreamer/jsonassert/1.5.0/jsonassert-1.5.0.jar:/Users/saagarwal/.m2/repository/com/vaadin/external/google/android-json/0.0.20131108.vaadin1/android-json-0.0.20131108.vaadin1.jar:/Users/saagarwal/.m2/repository/org/springframework/spring-core/5.1.8.RELEASE/spring-core-5.1.8.RELEASE.jar:/Users/saagarwal/.m2/repository/org/springframework/spring-test/5.1.8.RELEASE/spring-test-5.1.8.RELEASE.jar:/Users/saagarwal/.m2/repository/org/xmlunit/xmlunit-core/2.6.2/xmlunit-core-2.6.2.jar:/Users/saagarwal/.m2/repository/org/springframework/cloud/spring-cloud-stream-test-support/2.1.2.RELEASE/spring-cloud-stream-test-support-2.1.2.RELEASE.jar:/Users/saagarwal/.m2/repository/org/springframework/boot/spring-boot-autoconfigure/2.1.6.RELEASE/spring-boot-autoconfigure-2.1.6.RELEASE.jar:/Users/saagarwal/.m2/repository/com/h2database/h2/1.4.199/h2-1.4.199.jar:/Users/saagarwal/.m2/repository/org/springframework/cloud/spring-cloud-starter-contract-stub-runner-jetty/2.1.1.RELEASE/spring-cloud-starter-contract-stub-runner-jetty-2.1.1.RELEASE.jar:/Users/saagarwal/.m2/repository/org/eclipse/jetty/jetty-server/9.4.19.v20190610/jetty-server-9.4.19.v20190610.jar:/Users/saagarwal/.m2/repository/javax/servlet/javax.servlet-api/4.0.1/javax.servlet-api-4.0.1.jar:/Users/saagarwal/.m2/repository/org/eclipse/jetty/jetty-http/9.4.19.v20190610/jetty-http-9.4.19.v20190610.jar:/Users/saagarwal/.m2/repository/org/eclipse/jetty/jetty-io/9.4.19.v20190610/jetty-io-9.4.19.v20190610.jar:/Users/saagarwal/.m2/repository/org/eclipse/jetty/jetty-servlet/9.4.19.v20190610/jetty-servlet-9.4.19.v20190610.jar:/Users/saagarwal/.m2/repository/org/eclipse/jetty/jetty-security/9.4.19.v20190610/jetty-security-9.4.19.v20190610.jar:/Users/saagarwal/.m2/repository/org/eclipse/jetty/jetty-servlets/9.4.19.v20190610/jetty-servlets-9.4.19.v20190610.jar:/Users/saagarwal/.m2/repository/org/eclipse/jetty/jetty-continuation/9.4.19.v20190610/jetty-continuation-9.4.19.v20190610.jar:/Users/saagarwal/.m2/repository/org/eclipse/jetty/jetty-util/9.4.19.v20190610/jetty-util-9.4.19.v20190610.jar:/Users/saagarwal/.m2/repository/cglib/cglib/3.2.9/cglib-3.2.9.jar:/Users/saagarwal/.m2/repository/org/ow2/asm/asm/7.0/asm-7.0.jar:/Users/saagarwal/.m2/repository/org/apache/ant/ant/1.10.3/ant-1.10.3.jar:/Users/saagarwal/.m2/repository/org/apache/ant/ant-launcher/1.10.3/ant-launcher-1.10.3.jar:/Users/saagarwal/.m2/repository/org/spockframework/spock-core/1.0-groovy-2.4/spock-core-1.0-groovy-2.4.jar:/Users/saagarwal/.m2/repository/org/spockframework/spock-spring/1.0-groovy-2.4/spock-spring-1.0-groovy-2.4.jar:/Users/saagarwal/.m2/repository/org/springframework/cloud/spring-cloud-contract-verifier/2.1.1.RELEASE/spring-cloud-contract-verifier-2.1.1.RELEASE.jar:/Users/saagarwal/.m2/repository/com/fasterxml/jackson/core/jackson-databind/2.9.9/jackson-databind-2.9.9.jar:/Users/saagarwal/.m2/repository/com/fasterxml/jackson/core/jackson-annotations/2.9.0/jackson-annotations-2.9.0.jar:/Users/saagarwal/.m2/repository/com/fasterxml/jackson/core/jackson-core/2.9.9/jackson-core-2.9.9.jar:/Users/saagarwal/.m2/repository/javax/inject/javax.inject/1/javax.inject-1.jar:/Users/saagarwal/.m2/repository/com/github/tomakehurst/wiremock-standalone/2.20.0/wiremock-standalone-2.20.0.jar:/Users/saagarwal/.m2/repository/com/toomuchcoding/jsonassert/jsonassert/0.4.13/jsonassert-0.4.13.jar:/Users/saagarwal/.m2/repository/com/rackspace/eclipse/webtools/sourceediting/org.eclipse.wst.xml.xpath2.processor/2.1.100/org.eclipse.wst.xml.xpath2.processor-2.1.100.jar:/Users/saagarwal/.m2/repository/edu/princeton/cup/java-cup/10k/java-cup-10k.jar:/Users/saagarwal/.m2/repository/com/ibm/icu/icu4j/4.6/icu4j-4.6.jar:/Users/saagarwal/.m2/repository/org/codehaus/groovy/groovy/2.5.7/groovy-2.5.7.jar:/Users/saagarwal/.m2/repository/org/codehaus/groovy/groovy-nio/2.5.7/groovy-nio-2.5.7.jar:/Users/saagarwal/.m2/repository/org/codehaus/groovy/groovy-json/2.5.7/groovy-json-2.5.7.jar:/Users/saagarwal/.m2/repository/org/codehaus/groovy/groovy-xml/2.5.7/groovy-xml-2.5.7.jar:/Users/saagarwal/.m2/repository/com/github/jknack/handlebars/4.1.2/handlebars-4.1.2.jar:/Users/saagarwal/.m2/repository/commons-beanutils/commons-beanutils/1.9.3/commons-beanutils-1.9.3.jar:/Users/saagarwal/.m2/repository/commons-logging/commons-logging/1.2/commons-logging-1.2.jar:/Users/saagarwal/.m2/repository/commons-collections/commons-collections/3.2.2/commons-collections-3.2.2.jar:/Users/saagarwal/.m2/repository/org/yaml/snakeyaml/1.23/snakeyaml-1.23.jar:/Users/saagarwal/.m2/repository/com/fasterxml/jackson/dataformat/jackson-dataformat-yaml/2.9.9/jackson-dataformat-yaml-2.9.9.jar:/Users/saagarwal/.m2/repository/org/junit/jupiter/junit-jupiter-api/5.3.2/junit-jupiter-api-5.3.2.jar:/Users/saagarwal/.m2/repository/org/apiguardian/apiguardian-api/1.0.0/apiguardian-api-1.0.0.jar:/Users/saagarwal/.m2/repository/org/opentest4j/opentest4j/1.1.1/opentest4j-1.1.1.jar:/Users/saagarwal/.m2/repository/org/junit/platform/junit-platform-commons/1.3.2/junit-platform-commons-1.3.2.jar:"/>
    <property name="java.vm.vendor" value="AdoptOpenJDK"/>
    <property name="sun.arch.data.model" value="64"/>
    <property name="java.vendor.url" value="http://java.oracle.com/"/>
    <property name="user.timezone" value=""/>
    <property name="java.vm.specification.version" value="1.8"/>
    <property name="os.name" value="Mac OS X"/>
    <property name="user.country" value="US"/>
    <property name="sun.java.launcher" value="SUN_STANDARD"/>
    <property name="sun.boot.library.path" value="/Library/Java/JavaVirtualMachines/adoptopenjdk-8.jdk/Contents/Home/jre/lib"/>
    <property name="sun.java.command" value="/Users/saagarwal/workspace/spring-cloud-stream/spring-cloud-stream-jdbc-message/target/surefire/surefirebooter8000095897929395543.jar /Users/saagarwal/workspace/spring-cloud-stream/spring-cloud-stream-jdbc-message/target/surefire 2019-07-10T15-23-25_998-jvmRun1 surefire3879421971095436290tmp surefire_07619777831791325850tmp"/>
    <property name="http.nonProxyHosts" value="local|*.local|169.254/16|*.169.254/16"/>
    <property name="surefire.test.class.path" value="/Users/saagarwal/workspace/spring-cloud-stream/spring-cloud-stream-jdbc-message/target/test-classes:/Users/saagarwal/workspace/spring-cloud-stream/spring-cloud-stream-jdbc-message/target/classes:/Users/saagarwal/.m2/repository/org/springframework/integration/spring-integration-jdbc/5.1.6.RELEASE/spring-integration-jdbc-5.1.6.RELEASE.jar:/Users/saagarwal/.m2/repository/org/springframework/integration/spring-integration-core/5.1.6.RELEASE/spring-integration-core-5.1.6.RELEASE.jar:/Users/saagarwal/.m2/repository/org/springframework/spring-aop/5.1.8.RELEASE/spring-aop-5.1.8.RELEASE.jar:/Users/saagarwal/.m2/repository/org/springframework/spring-context/5.1.8.RELEASE/spring-context-5.1.8.RELEASE.jar:/Users/saagarwal/.m2/repository/org/springframework/spring-expression/5.1.8.RELEASE/spring-expression-5.1.8.RELEASE.jar:/Users/saagarwal/.m2/repository/org/springframework/spring-messaging/5.1.8.RELEASE/spring-messaging-5.1.8.RELEASE.jar:/Users/saagarwal/.m2/repository/org/springframework/spring-tx/5.1.8.RELEASE/spring-tx-5.1.8.RELEASE.jar:/Users/saagarwal/.m2/repository/org/springframework/retry/spring-retry/1.2.4.RELEASE/spring-retry-1.2.4.RELEASE.jar:/Users/saagarwal/.m2/repository/io/projectreactor/reactor-core/3.2.10.RELEASE/reactor-core-3.2.10.RELEASE.jar:/Users/saagarwal/.m2/repository/org/reactivestreams/reactive-streams/1.0.2/reactive-streams-1.0.2.jar:/Users/saagarwal/.m2/repository/org/springframework/spring-jdbc/5.1.8.RELEASE/spring-jdbc-5.1.8.RELEASE.jar:/Users/saagarwal/.m2/repository/org/springframework/spring-beans/5.1.8.RELEASE/spring-beans-5.1.8.RELEASE.jar:/Users/saagarwal/.m2/repository/org/springframework/cloud/stream/app/spring-cloud-starter-stream-source-jdbc/2.1.2.RELEASE/spring-cloud-starter-stream-source-jdbc-2.1.2.RELEASE.jar:/Users/saagarwal/.m2/repository/org/hsqldb/hsqldb/2.4.1/hsqldb-2.4.1.jar:/Users/saagarwal/.m2/repository/org/mariadb/jdbc/mariadb-java-client/2.3.0/mariadb-java-client-2.3.0.jar:/Users/saagarwal/.m2/repository/org/postgresql/postgresql/42.2.5/postgresql-42.2.5.jar:/Users/saagarwal/.m2/repository/com/microsoft/sqlserver/mssql-jdbc/6.4.0.jre8/mssql-jdbc-6.4.0.jre8.jar:/Users/saagarwal/.m2/repository/org/springframework/cloud/stream/app/app-starters-trigger-common/2.1.1.RELEASE/app-starters-trigger-common-2.1.1.RELEASE.jar:/Users/saagarwal/.m2/repository/org/springframework/cloud/stream/app/app-starters-trigger-one-common/2.1.1.RELEASE/app-starters-trigger-one-common-2.1.1.RELEASE.jar:/Users/saagarwal/.m2/repository/org/springframework/cloud/stream/app/app-starters-time-common/2.1.1.RELEASE/app-starters-time-common-2.1.1.RELEASE.jar:/Users/saagarwal/.m2/repository/org/springframework/cloud/spring-cloud-stream/2.1.2.RELEASE/spring-cloud-stream-2.1.2.RELEASE.jar:/Users/saagarwal/.m2/repository/org/springframework/boot/spring-boot-starter-validation/2.1.6.RELEASE/spring-boot-starter-validation-2.1.6.RELEASE.jar:/Users/saagarwal/.m2/repository/org/apache/tomcat/embed/tomcat-embed-el/9.0.21/tomcat-embed-el-9.0.21.jar:/Users/saagarwal/.m2/repository/org/springframework/integration/spring-integration-jmx/5.1.6.RELEASE/spring-integration-jmx-5.1.6.RELEASE.jar:/Users/saagarwal/.m2/repository/org/springframework/spring-tuple/1.0.0.RELEASE/spring-tuple-1.0.0.RELEASE.jar:/Users/saagarwal/.m2/repository/com/esotericsoftware/kryo-shaded/3.0.3/kryo-shaded-3.0.3.jar:/Users/saagarwal/.m2/repository/com/esotericsoftware/minlog/1.3.0/minlog-1.3.0.jar:/Users/saagarwal/.m2/repository/org/springframework/integration/spring-integration-tuple/1.0.0.RELEASE/spring-integration-tuple-1.0.0.RELEASE.jar:/Users/saagarwal/.m2/repository/org/springframework/cloud/spring-cloud-function-context/2.0.1.RELEASE/spring-cloud-function-context-2.0.1.RELEASE.jar:/Users/saagarwal/.m2/repository/org/springframework/cloud/spring-cloud-function-core/2.0.1.RELEASE/spring-cloud-function-core-2.0.1.RELEASE.jar:/Users/saagarwal/.m2/repository/com/jayway/jsonpath/json-path/2.4.0/json-path-2.4.0.jar:/Users/saagarwal/.m2/repository/net/minidev/json-smart/2.3/json-smart-2.3.jar:/Users/saagarwal/.m2/repository/net/minidev/accessors-smart/1.2/accessors-smart-1.2.jar:/Users/saagarwal/.m2/repository/org/slf4j/slf4j-api/1.7.26/slf4j-api-1.7.26.jar:/Users/saagarwal/.m2/repository/org/springframework/integration/spring-integration-xml/5.1.6.RELEASE/spring-integration-xml-5.1.6.RELEASE.jar:/Users/saagarwal/.m2/repository/org/springframework/spring-oxm/5.1.8.RELEASE/spring-oxm-5.1.8.RELEASE.jar:/Users/saagarwal/.m2/repository/org/springframework/ws/spring-xml/3.0.7.RELEASE/spring-xml-3.0.7.RELEASE.jar:/Users/saagarwal/.m2/repository/commons-io/commons-io/2.5/commons-io-2.5.jar:/Users/saagarwal/.m2/repository/org/springframework/ws/spring-ws-core/3.0.7.RELEASE/spring-ws-core-3.0.7.RELEASE.jar:/Users/saagarwal/.m2/repository/org/springframework/boot/spring-boot-starter-actuator/2.1.6.RELEASE/spring-boot-starter-actuator-2.1.6.RELEASE.jar:/Users/saagarwal/.m2/repository/org/springframework/boot/spring-boot-actuator-autoconfigure/2.1.6.RELEASE/spring-boot-actuator-autoconfigure-2.1.6.RELEASE.jar:/Users/saagarwal/.m2/repository/org/springframework/boot/spring-boot-actuator/2.1.6.RELEASE/spring-boot-actuator-2.1.6.RELEASE.jar:/Users/saagarwal/.m2/repository/com/fasterxml/jackson/datatype/jackson-datatype-jsr310/2.9.9/jackson-datatype-jsr310-2.9.9.jar:/Users/saagarwal/.m2/repository/io/micrometer/micrometer-core/1.1.5/micrometer-core-1.1.5.jar:/Users/saagarwal/.m2/repository/org/hdrhistogram/HdrHistogram/2.1.9/HdrHistogram-2.1.9.jar:/Users/saagarwal/.m2/repository/org/latencyutils/LatencyUtils/2.0.3/LatencyUtils-2.0.3.jar:/Users/saagarwal/.m2/repository/org/springframework/boot/spring-boot-starter-web/2.1.6.RELEASE/spring-boot-starter-web-2.1.6.RELEASE.jar:/Users/saagarwal/.m2/repository/org/springframework/boot/spring-boot-starter-json/2.1.6.RELEASE/spring-boot-starter-json-2.1.6.RELEASE.jar:/Users/saagarwal/.m2/repository/com/fasterxml/jackson/datatype/jackson-datatype-jdk8/2.9.9/jackson-datatype-jdk8-2.9.9.jar:/Users/saagarwal/.m2/repository/com/fasterxml/jackson/module/jackson-module-parameter-names/2.9.9/jackson-module-parameter-names-2.9.9.jar:/Users/saagarwal/.m2/repository/org/springframework/boot/spring-boot-starter-tomcat/2.1.6.RELEASE/spring-boot-starter-tomcat-2.1.6.RELEASE.jar:/Users/saagarwal/.m2/repository/org/apache/tomcat/embed/tomcat-embed-core/9.0.21/tomcat-embed-core-9.0.21.jar:/Users/saagarwal/.m2/repository/org/apache/tomcat/embed/tomcat-embed-websocket/9.0.21/tomcat-embed-websocket-9.0.21.jar:/Users/saagarwal/.m2/repository/org/hibernate/validator/hibernate-validator/6.0.17.Final/hibernate-validator-6.0.17.Final.jar:/Users/saagarwal/.m2/repository/javax/validation/validation-api/2.0.1.Final/validation-api-2.0.1.Final.jar:/Users/saagarwal/.m2/repository/org/jboss/logging/jboss-logging/3.3.2.Final/jboss-logging-3.3.2.Final.jar:/Users/saagarwal/.m2/repository/com/fasterxml/classmate/1.4.0/classmate-1.4.0.jar:/Users/saagarwal/.m2/repository/org/springframework/spring-web/5.1.8.RELEASE/spring-web-5.1.8.RELEASE.jar:/Users/saagarwal/.m2/repository/org/springframework/spring-webmvc/5.1.8.RELEASE/spring-webmvc-5.1.8.RELEASE.jar:/Users/saagarwal/.m2/repository/org/springframework/boot/spring-boot-starter-logging/2.1.6.RELEASE/spring-boot-starter-logging-2.1.6.RELEASE.jar:/Users/saagarwal/.m2/repository/ch/qos/logback/logback-classic/1.2.3/logback-classic-1.2.3.jar:/Users/saagarwal/.m2/repository/ch/qos/logback/logback-core/1.2.3/logback-core-1.2.3.jar:/Users/saagarwal/.m2/repository/org/apache/logging/log4j/log4j-to-slf4j/2.11.2/log4j-to-slf4j-2.11.2.jar:/Users/saagarwal/.m2/repository/org/apache/logging/log4j/log4j-api/2.11.2/log4j-api-2.11.2.jar:/Users/saagarwal/.m2/repository/org/slf4j/jul-to-slf4j/1.7.26/jul-to-slf4j-1.7.26.jar:/Users/saagarwal/.m2/repository/org/springframework/boot/spring-boot-starter-security/2.1.6.RELEASE/spring-boot-starter-security-2.1.6.RELEASE.jar:/Users/saagarwal/.m2/repository/org/springframework/security/spring-security-config/5.1.5.RELEASE/spring-security-config-5.1.5.RELEASE.jar:/Users/saagarwal/.m2/repository/org/springframework/security/spring-security-core/5.1.5.RELEASE/spring-security-core-5.1.5.RELEASE.jar:/Users/saagarwal/.m2/repository/org/springframework/security/spring-security-web/5.1.5.RELEASE/spring-security-web-5.1.5.RELEASE.jar:/Users/saagarwal/.m2/repository/io/pivotal/spring/cloud/spring-cloud-services-starter-config-client/2.1.1.RELEASE/spring-cloud-services-starter-config-client-2.1.1.RELEASE.jar:/Users/saagarwal/.m2/repository/org/springframework/cloud/spring-cloud-config-client/2.1.1.RELEASE/spring-cloud-config-client-2.1.1.RELEASE.jar:/Users/saagarwal/.m2/repository/org/springframework/cloud/spring-cloud-commons/2.1.1.RELEASE/spring-cloud-commons-2.1.1.RELEASE.jar:/Users/saagarwal/.m2/repository/org/springframework/security/spring-security-crypto/5.1.5.RELEASE/spring-security-crypto-5.1.5.RELEASE.jar:/Users/saagarwal/.m2/repository/org/springframework/cloud/spring-cloud-context/2.1.1.RELEASE/spring-cloud-context-2.1.1.RELEASE.jar:/Users/saagarwal/.m2/repository/io/pivotal/spring/cloud/spring-cloud-services-cloudfoundry-connector/2.1.0.RELEASE/spring-cloud-services-cloudfoundry-connector-2.1.0.RELEASE.jar:/Users/saagarwal/.m2/repository/io/pivotal/spring/cloud/spring-cloud-services-connector-core/2.1.0.RELEASE/spring-cloud-services-connector-core-2.1.0.RELEASE.jar:/Users/saagarwal/.m2/repository/org/springframework/cloud/spring-cloud-connectors-core/2.0.5.RELEASE/spring-cloud-connectors-core-2.0.5.RELEASE.jar:/Users/saagarwal/.m2/repository/org/springframework/cloud/spring-cloud-cloudfoundry-connector/2.0.5.RELEASE/spring-cloud-cloudfoundry-connector-2.0.5.RELEASE.jar:/Users/saagarwal/.m2/repository/io/pivotal/spring/cloud/spring-cloud-services-spring-connector/2.1.0.RELEASE/spring-cloud-services-spring-connector-2.1.0.RELEASE.jar:/Users/saagarwal/.m2/repository/org/springframework/cloud/spring-cloud-spring-service-connector/2.0.5.RELEASE/spring-cloud-spring-service-connector-2.0.5.RELEASE.jar:/Users/saagarwal/.m2/repository/io/pivotal/spring/cloud/cloudfoundry-certificate-truster/1.0.1.RELEASE/cloudfoundry-certificate-truster-1.0.1.RELEASE.jar:/Users/saagarwal/.m2/repository/org/springframework/security/oauth/spring-security-oauth2/2.3.5.RELEASE/spring-security-oauth2-2.3.5.RELEASE.jar:/Users/saagarwal/.m2/repository/commons-codec/commons-codec/1.11/commons-codec-1.11.jar:/Users/saagarwal/.m2/repository/org/codehaus/jackson/jackson-mapper-asl/1.9.13/jackson-mapper-asl-1.9.13.jar:/Users/saagarwal/.m2/repository/org/codehaus/jackson/jackson-core-asl/1.9.13/jackson-core-asl-1.9.13.jar:/Users/saagarwal/.m2/repository/org/springframework/boot/spring-boot-starter-jdbc/2.1.6.RELEASE/spring-boot-starter-jdbc-2.1.6.RELEASE.jar:/Users/saagarwal/.m2/repository/org/springframework/boot/spring-boot-starter/2.1.6.RELEASE/spring-boot-starter-2.1.6.RELEASE.jar:/Users/saagarwal/.m2/repository/org/springframework/boot/spring-boot/2.1.6.RELEASE/spring-boot-2.1.6.RELEASE.jar:/Users/saagarwal/.m2/repository/javax/annotation/javax.annotation-api/1.3.2/javax.annotation-api-1.3.2.jar:/Users/saagarwal/.m2/repository/com/zaxxer/HikariCP/3.2.0/HikariCP-3.2.0.jar:/Users/saagarwal/.m2/repository/org/springframework/cloud/spring-cloud-starter-stream-rabbit/2.1.2.RELEASE/spring-cloud-starter-stream-rabbit-2.1.2.RELEASE.jar:/Users/saagarwal/.m2/repository/org/springframework/cloud/spring-cloud-stream-binder-rabbit/2.1.2.RELEASE/spring-cloud-stream-binder-rabbit-2.1.2.RELEASE.jar:/Users/saagarwal/.m2/repository/org/springframework/cloud/spring-cloud-stream-binder-rabbit-core/2.1.2.RELEASE/spring-cloud-stream-binder-rabbit-core-2.1.2.RELEASE.jar:/Users/saagarwal/.m2/repository/com/rabbitmq/http-client/2.1.0.RELEASE/http-client-2.1.0.RELEASE.jar:/Users/saagarwal/.m2/repository/org/springframework/boot/spring-boot-starter-amqp/2.1.6.RELEASE/spring-boot-starter-amqp-2.1.6.RELEASE.jar:/Users/saagarwal/.m2/repository/org/springframework/amqp/spring-rabbit/2.1.7.RELEASE/spring-rabbit-2.1.7.RELEASE.jar:/Users/saagarwal/.m2/repository/org/springframework/amqp/spring-amqp/2.1.7.RELEASE/spring-amqp-2.1.7.RELEASE.jar:/Users/saagarwal/.m2/repository/com/rabbitmq/amqp-client/5.4.3/amqp-client-5.4.3.jar:/Users/saagarwal/.m2/repository/org/springframework/integration/spring-integration-amqp/5.1.6.RELEASE/spring-integration-amqp-5.1.6.RELEASE.jar:/Users/saagarwal/.m2/repository/org/apache/httpcomponents/httpclient/4.5.9/httpclient-4.5.9.jar:/Users/saagarwal/.m2/repository/org/apache/httpcomponents/httpcore/4.4.11/httpcore-4.4.11.jar:/Users/saagarwal/.m2/repository/org/springframework/cloud/spring-cloud-contract-stub-runner/2.1.1.RELEASE/spring-cloud-contract-stub-runner-2.1.1.RELEASE.jar:/Users/saagarwal/.m2/repository/org/springframework/cloud/spring-cloud-contract-shade/2.1.1.RELEASE/spring-cloud-contract-shade-2.1.1.RELEASE.jar:/Users/saagarwal/.m2/repository/org/springframework/cloud/spring-cloud-contract-spec/2.1.1.RELEASE/spring-cloud-contract-spec-2.1.1.RELEASE.jar:/Users/saagarwal/.m2/repository/dk/brics/automaton/automaton/1.11-8/automaton-1.11-8.jar:/Users/saagarwal/.m2/repository/org/apache/commons/commons-text/1.6/commons-text-1.6.jar:/Users/saagarwal/.m2/repository/org/apache/commons/commons-lang3/3.8.1/commons-lang3-3.8.1.jar:/Users/saagarwal/.m2/repository/org/springframework/spring-jcl/5.1.8.RELEASE/spring-jcl-5.1.8.RELEASE.jar:/Users/saagarwal/.m2/repository/junit/junit/4.12/junit-4.12.jar:/Users/saagarwal/.m2/repository/org/eclipse/jgit/org.eclipse.jgit/5.1.3.201810200350-r/org.eclipse.jgit-5.1.3.201810200350-r.jar:/Users/saagarwal/.m2/repository/com/jcraft/jsch/0.1.54/jsch-0.1.54.jar:/Users/saagarwal/.m2/repository/com/jcraft/jzlib/1.1.1/jzlib-1.1.1.jar:/Users/saagarwal/.m2/repository/com/googlecode/javaewah/JavaEWAH/1.1.6/JavaEWAH-1.1.6.jar:/Users/saagarwal/.m2/repository/com/jcraft/jsch.agentproxy.sshagent/0.0.9/jsch.agentproxy.sshagent-0.0.9.jar:/Users/saagarwal/.m2/repository/com/jcraft/jsch.agentproxy.core/0.0.9/jsch.agentproxy.core-0.0.9.jar:/Users/saagarwal/.m2/repository/com/jcraft/jsch.agentproxy.jsch/0.0.9/jsch.agentproxy.jsch-0.0.9.jar:/Users/saagarwal/.m2/repository/com/jcraft/jsch.agentproxy.usocket-jna/0.0.9/jsch.agentproxy.usocket-jna-0.0.9.jar:/Users/saagarwal/.m2/repository/net/java/dev/jna/jna/4.5.2/jna-4.5.2.jar:/Users/saagarwal/.m2/repository/net/java/dev/jna/jna-platform/4.5.2/jna-platform-4.5.2.jar:/Users/saagarwal/.m2/repository/org/springframework/boot/spring-boot-starter-test/2.1.6.RELEASE/spring-boot-starter-test-2.1.6.RELEASE.jar:/Users/saagarwal/.m2/repository/org/springframework/boot/spring-boot-test/2.1.6.RELEASE/spring-boot-test-2.1.6.RELEASE.jar:/Users/saagarwal/.m2/repository/org/springframework/boot/spring-boot-test-autoconfigure/2.1.6.RELEASE/spring-boot-test-autoconfigure-2.1.6.RELEASE.jar:/Users/saagarwal/.m2/repository/org/assertj/assertj-core/3.11.1/assertj-core-3.11.1.jar:/Users/saagarwal/.m2/repository/org/mockito/mockito-core/2.23.4/mockito-core-2.23.4.jar:/Users/saagarwal/.m2/repository/net/bytebuddy/byte-buddy/1.9.13/byte-buddy-1.9.13.jar:/Users/saagarwal/.m2/repository/net/bytebuddy/byte-buddy-agent/1.9.13/byte-buddy-agent-1.9.13.jar:/Users/saagarwal/.m2/repository/org/objenesis/objenesis/2.6/objenesis-2.6.jar:/Users/saagarwal/.m2/repository/org/hamcrest/hamcrest-core/1.3/hamcrest-core-1.3.jar:/Users/saagarwal/.m2/repository/org/hamcrest/hamcrest-library/1.3/hamcrest-library-1.3.jar:/Users/saagarwal/.m2/repository/org/skyscreamer/jsonassert/1.5.0/jsonassert-1.5.0.jar:/Users/saagarwal/.m2/repository/com/vaadin/external/google/android-json/0.0.20131108.vaadin1/android-json-0.0.20131108.vaadin1.jar:/Users/saagarwal/.m2/repository/org/springframework/spring-core/5.1.8.RELEASE/spring-core-5.1.8.RELEASE.jar:/Users/saagarwal/.m2/repository/org/springframework/spring-test/5.1.8.RELEASE/spring-test-5.1.8.RELEASE.jar:/Users/saagarwal/.m2/repository/org/xmlunit/xmlunit-core/2.6.2/xmlunit-core-2.6.2.jar:/Users/saagarwal/.m2/repository/org/springframework/cloud/spring-cloud-stream-test-support/2.1.2.RELEASE/spring-cloud-stream-test-support-2.1.2.RELEASE.jar:/Users/saagarwal/.m2/repository/org/springframework/boot/spring-boot-autoconfigure/2.1.6.RELEASE/spring-boot-autoconfigure-2.1.6.RELEASE.jar:/Users/saagarwal/.m2/repository/com/h2database/h2/1.4.199/h2-1.4.199.jar:/Users/saagarwal/.m2/repository/org/springframework/cloud/spring-cloud-starter-contract-stub-runner-jetty/2.1.1.RELEASE/spring-cloud-starter-contract-stub-runner-jetty-2.1.1.RELEASE.jar:/Users/saagarwal/.m2/repository/org/eclipse/jetty/jetty-server/9.4.19.v20190610/jetty-server-9.4.19.v20190610.jar:/Users/saagarwal/.m2/repository/javax/servlet/javax.servlet-api/4.0.1/javax.servlet-api-4.0.1.jar:/Users/saagarwal/.m2/repository/org/eclipse/jetty/jetty-http/9.4.19.v20190610/jetty-http-9.4.19.v20190610.jar:/Users/saagarwal/.m2/repository/org/eclipse/jetty/jetty-io/9.4.19.v20190610/jetty-io-9.4.19.v20190610.jar:/Users/saagarwal/.m2/repository/org/eclipse/jetty/jetty-servlet/9.4.19.v20190610/jetty-servlet-9.4.19.v20190610.jar:/Users/saagarwal/.m2/repository/org/eclipse/jetty/jetty-security/9.4.19.v20190610/jetty-security-9.4.19.v20190610.jar:/Users/saagarwal/.m2/repository/org/eclipse/jetty/jetty-servlets/9.4.19.v20190610/jetty-servlets-9.4.19.v20190610.jar:/Users/saagarwal/.m2/repository/org/eclipse/jetty/jetty-continuation/9.4.19.v20190610/jetty-continuation-9.4.19.v20190610.jar:/Users/saagarwal/.m2/repository/org/eclipse/jetty/jetty-util/9.4.19.v20190610/jetty-util-9.4.19.v20190610.jar:/Users/saagarwal/.m2/repository/cglib/cglib/3.2.9/cglib-3.2.9.jar:/Users/saagarwal/.m2/repository/org/ow2/asm/asm/7.0/asm-7.0.jar:/Users/saagarwal/.m2/repository/org/apache/ant/ant/1.10.3/ant-1.10.3.jar:/Users/saagarwal/.m2/repository/org/apache/ant/ant-launcher/1.10.3/ant-launcher-1.10.3.jar:/Users/saagarwal/.m2/repository/org/spockframework/spock-core/1.0-groovy-2.4/spock-core-1.0-groovy-2.4.jar:/Users/saagarwal/.m2/repository/org/spockframework/spock-spring/1.0-groovy-2.4/spock-spring-1.0-groovy-2.4.jar:/Users/saagarwal/.m2/repository/org/springframework/cloud/spring-cloud-contract-verifier/2.1.1.RELEASE/spring-cloud-contract-verifier-2.1.1.RELEASE.jar:/Users/saagarwal/.m2/repository/com/fasterxml/jackson/core/jackson-databind/2.9.9/jackson-databind-2.9.9.jar:/Users/saagarwal/.m2/repository/com/fasterxml/jackson/core/jackson-annotations/2.9.0/jackson-annotations-2.9.0.jar:/Users/saagarwal/.m2/repository/com/fasterxml/jackson/core/jackson-core/2.9.9/jackson-core-2.9.9.jar:/Users/saagarwal/.m2/repository/javax/inject/javax.inject/1/javax.inject-1.jar:/Users/saagarwal/.m2/repository/com/github/tomakehurst/wiremock-standalone/2.20.0/wiremock-standalone-2.20.0.jar:/Users/saagarwal/.m2/repository/com/toomuchcoding/jsonassert/jsonassert/0.4.13/jsonassert-0.4.13.jar:/Users/saagarwal/.m2/repository/com/rackspace/eclipse/webtools/sourceediting/org.eclipse.wst.xml.xpath2.processor/2.1.100/org.eclipse.wst.xml.xpath2.processor-2.1.100.jar:/Users/saagarwal/.m2/repository/edu/princeton/cup/java-cup/10k/java-cup-10k.jar:/Users/saagarwal/.m2/repository/com/ibm/icu/icu4j/4.6/icu4j-4.6.jar:/Users/saagarwal/.m2/repository/org/codehaus/groovy/groovy/2.5.7/groovy-2.5.7.jar:/Users/saagarwal/.m2/repository/org/codehaus/groovy/groovy-nio/2.5.7/groovy-nio-2.5.7.jar:/Users/saagarwal/.m2/repository/org/codehaus/groovy/groovy-json/2.5.7/groovy-json-2.5.7.jar:/Users/saagarwal/.m2/repository/org/codehaus/groovy/groovy-xml/2.5.7/groovy-xml-2.5.7.jar:/Users/saagarwal/.m2/repository/com/github/jknack/handlebars/4.1.2/handlebars-4.1.2.jar:/Users/saagarwal/.m2/repository/commons-beanutils/commons-beanutils/1.9.3/commons-beanutils-1.9.3.jar:/Users/saagarwal/.m2/repository/commons-logging/commons-logging/1.2/commons-logging-1.2.jar:/Users/saagarwal/.m2/repository/commons-collections/commons-collections/3.2.2/commons-collections-3.2.2.jar:/Users/saagarwal/.m2/repository/org/yaml/snakeyaml/1.23/snakeyaml-1.23.jar:/Users/saagarwal/.m2/repository/com/fasterxml/jackson/dataformat/jackson-dataformat-yaml/2.9.9/jackson-dataformat-yaml-2.9.9.jar:/Users/saagarwal/.m2/repository/org/junit/jupiter/junit-jupiter-api/5.3.2/junit-jupiter-api-5.3.2.jar:/Users/saagarwal/.m2/repository/org/apiguardian/apiguardian-api/1.0.0/apiguardian-api-1.0.0.jar:/Users/saagarwal/.m2/repository/org/opentest4j/opentest4j/1.1.1/opentest4j-1.1.1.jar:/Users/saagarwal/.m2/repository/org/junit/platform/junit-platform-commons/1.3.2/junit-platform-commons-1.3.2.jar:"/>
    <property name="sun.cpu.endian" value="little"/>
    <property name="user.home" value="/Users/saagarwal"/>
    <property name="user.language" value="en"/>
    <property name="java.specification.vendor" value="Oracle Corporation"/>
    <property name="java.home" value="/Library/Java/JavaVirtualMachines/adoptopenjdk-8.jdk/Contents/Home/jre"/>
    <property name="basedir" value="/Users/saagarwal/workspace/spring-cloud-stream/spring-cloud-stream-jdbc-message"/>
    <property name="file.separator" value="/"/>
    <property name="line.separator" value="&#10;"/>
    <property name="java.vm.specification.vendor" value="Oracle Corporation"/>
    <property name="java.specification.name" value="Java Platform API Specification"/>
    <property name="java.awt.graphicsenv" value="sun.awt.CGraphicsEnvironment"/>
    <property name="surefire.real.class.path" value="/Users/saagarwal/workspace/spring-cloud-stream/spring-cloud-stream-jdbc-message/target/surefire/surefirebooter8000095897929395543.jar"/>
    <property name="sun.boot.class.path" value="/Library/Java/JavaVirtualMachines/adoptopenjdk-8.jdk/Contents/Home/jre/lib/resources.jar:/Library/Java/JavaVirtualMachines/adoptopenjdk-8.jdk/Contents/Home/jre/lib/rt.jar:/Library/Java/JavaVirtualMachines/adoptopenjdk-8.jdk/Contents/Home/jre/lib/sunrsasign.jar:/Library/Java/JavaVirtualMachines/adoptopenjdk-8.jdk/Contents/Home/jre/lib/jsse.jar:/Library/Java/JavaVirtualMachines/adoptopenjdk-8.jdk/Contents/Home/jre/lib/jce.jar:/Library/Java/JavaVirtualMachines/adoptopenjdk-8.jdk/Contents/Home/jre/lib/charsets.jar:/Library/Java/JavaVirtualMachines/adoptopenjdk-8.jdk/Contents/Home/jre/lib/jfr.jar:/Library/Java/JavaVirtualMachines/adoptopenjdk-8.jdk/Contents/Home/jre/classes"/>
    <property name="sun.management.compiler" value="HotSpot 64-Bit Tiered Compilers"/>
    <property name="ftp.nonProxyHosts" value="local|*.local|169.254/16|*.169.254/16"/>
    <property name="java.runtime.version" value="1.8.0_212-b03"/>
    <property name="user.name" value="saagarwal"/>
    <property name="path.separator" value=":"/>
    <property name="os.version" value="10.14.3"/>
    <property name="java.endorsed.dirs" value="/Library/Java/JavaVirtualMachines/adoptopenjdk-8.jdk/Contents/Home/jre/lib/endorsed"/>
    <property name="java.runtime.name" value="OpenJDK Runtime Environment"/>
    <property name="file.encoding" value="UTF-8"/>
    <property name="java.vm.name" value="OpenJDK 64-Bit Server VM"/>
    <property name="localRepository" value="/Users/saagarwal/.m2/repository"/>
    <property name="java.vendor.url.bug" value="http://bugreport.sun.com/bugreport/"/>
    <property name="java.io.tmpdir" value="/var/folders/lc/lm7ym0qs3sg38db0n83_8c080000gn/T/"/>
    <property name="java.version" value="1.8.0_212"/>
    <property name="user.dir" value="/Users/saagarwal/workspace/spring-cloud-stream/spring-cloud-stream-jdbc-message"/>
    <property name="os.arch" value="x86_64"/>
    <property name="java.vm.specification.name" value="Java Virtual Machine Specification"/>
    <property name="java.awt.printerjob" value="sun.lwawt.macosx.CPrinterJob"/>
    <property name="sun.os.patch.level" value="unknown"/>
    <property name="java.library.path" value="/Users/saagarwal/Library/Java/Extensions:/Library/Java/Extensions:/Network/Library/Java/Extensions:/System/Library/Java/Extensions:/usr/lib/java:."/>
    <property name="java.vm.info" value="mixed mode"/>
    <property name="java.vendor" value="AdoptOpenJDK"/>
    <property name="java.vm.version" value="25.212-b03"/>
    <property name="java.ext.dirs" value="/Users/saagarwal/Library/Java/Extensions:/Library/Java/JavaVirtualMachines/adoptopenjdk-8.jdk/Contents/Home/jre/lib/ext:/Library/Java/Extensions:/Network/Library/Java/Extensions:/System/Library/Java/Extensions:/usr/lib/java"/>
    <property name="sun.io.unicode.encoding" value="UnicodeBig"/>
    <property name="java.class.version" value="52.0"/>
    <property name="socksNonProxyHosts" value="local|*.local|169.254/16|*.169.254/16"/>
  </properties>
  <testcase name="validate_shouldProduceValidateInboundMessage" classname="org.springframework.cloud.contract.verifier.tests.ContractVerifierTest" time="0.291"/>
</testsuite>